tests/noise_char/test_mcmc.py:49: error: Function is missing a type annotation for one or more arguments  [no-untyped-def]
tests/noise_char/test_mcmc.py:55: error: Module "mqt.yaqs.noise_char.optimization_algorithms.gradient_free.mcmc" does not explicitly export attribute "np"  [attr-defined]
tests/noise_char/test_mcmc.py:58: error: Function is missing a type annotation for one or more arguments  [no-untyped-def]
tests/noise_char/test_mcmc.py:74: error: Argument 1 to "mcmc_opt" has incompatible type "QuadObjective"; expected "LossClass"  [arg-type]
tests/noise_char/test_mcmc.py:87: error: Function is missing a type annotation for one or more arguments  [no-untyped-def]
tests/noise_char/test_mcmc.py:104: error: Argument 1 to "mcmc_opt" has incompatible type "FlatObjective"; expected "LossClass"  [arg-type]
tests/noise_char/test_mcmc.py:118: error: Function is missing a type annotation for one or more arguments  [no-untyped-def]
tests/noise_char/test_mcmc.py:128: error: Incompatible types in assignment (expression has type "ndarray[tuple[Any, ...], dtype[Any]]", variable has type "None")  [assignment]
tests/noise_char/test_mcmc.py:134: error: Argument 1 to "mcmc_opt" has incompatible type "CaptureObjective"; expected "LossClass"  [arg-type]
